<?xml version="1.0" encoding="UTF-8"?>
<!-- Generated by org.testng.reporters.JUnitReportReporter -->
<testsuite skipped="0" hostname="MyHome-PC" name="rest.restassure" tests="2" failures="0" timestamp="2020-01-04T11:49:52 IST" time="0.021" errors="0">
  <testcase name="test2" time="0.003" classname="rest.restassure"/>
  <testcase name="test1" time="0.018" classname="rest.restassure"/>
</testsuite> <!-- rest.restassure -->
