<?xml version="1.0" encoding="UTF-8"?>
<!-- Generated by org.testng.reporters.JUnitReportReporter -->
<testsuite skipped="0" hostname="MyHome-PC" name="rest.extentreport" tests="1" failures="0" timestamp="2020-01-19T14:14:17 IST" time="0.030" errors="0">
  <testcase name="login" time="0.030" classname="rest.extentreport"/>
</testsuite> <!-- rest.extentreport -->
